Using pre-set license
Built from '2020.2/release' branch; Version is '2020.2.2f1 (068178b99f32) revision 426360'; Using compiler version '192528614'; Build Type 'Release'
OS: 'Windows 10 Home; OS build 19042.1165; Version 2009; 64bit' Language: 'tr' Physical Memory: 8048 MB
BatchMode: 1, IsHumanControllingUs: 0, StartBugReporterOnCrash: 0, Is64bit: 1, IsPro: 0

 COMMAND LINE ARGUMENTS:
C:\Program Files\Unity\Hub\Editor\2020.2.2f1\Editor\Unity.exe
-adb2
-batchMode
-noUpm
-name
AssetImportWorker1
-projectPath
D:/GitHub/LaserDefender/Laser Defender
-logFile
Logs/AssetImportWorker1.log
-srvPort
55173
Successfully changed project path to: D:/GitHub/LaserDefender/Laser Defender
D:/GitHub/LaserDefender/Laser Defender
Using Asset Import Pipeline V2.
Refreshing native plugins compatible for Editor in 114.15 ms, found 1 plugins.
Preloading 0 native plugins for Editor in 0.00 ms.
Initialize engine version: 2020.2.2f1 (068178b99f32)
[Subsystems] Discovering subsystems at path C:/Program Files/Unity/Hub/Editor/2020.2.2f1/Editor/Data/Resources/UnitySubsystems
[Subsystems] Discovering subsystems at path D:/GitHub/LaserDefender/Laser Defender/Assets
GfxDevice: creating device client; threaded=0
Direct3D:
    Version:  Direct3D 11.0 [level 11.1]
    Renderer: NVIDIA GeForce GTX 1050 Ti (ID=0x1c8c)
    Vendor:   
    VRAM:     4021 MB
    Driver:   26.21.14.3630
Initialize mono
Mono path[0] = 'C:/Program Files/Unity/Hub/Editor/2020.2.2f1/Editor/Data/Managed'
Mono path[1] = 'C:/Program Files/Unity/Hub/Editor/2020.2.2f1/Editor/Data/MonoBleedingEdge/lib/mono/unityjit'
Mono config path = 'C:/Program Files/Unity/Hub/Editor/2020.2.2f1/Editor/Data/MonoBleedingEdge/etc'
Using monoOptions --debugger-agent=transport=dt_socket,embedding=1,server=y,suspend=n,address=127.0.0.1:56972
Begin MonoManager ReloadAssembly
Registering precompiled unity dll's ...
Register platform support module: C:/Program Files/Unity/Hub/Editor/2020.2.2f1/Editor/Data/PlaybackEngines/WebGLSupport/UnityEditor.WebGL.Extensions.dll
Register platform support module: C:/Program Files/Unity/Hub/Editor/2020.2.2f1/Editor/Data/PlaybackEngines/WindowsStandaloneSupport/UnityEditor.WindowsStandalone.Extensions.dll
Registered in 0.005011 seconds.
Native extension for WindowsStandalone target not found
Native extension for WebGL target not found
Refreshing native plugins compatible for Editor in 84.13 ms, found 1 plugins.
Preloading 0 native plugins for Editor in 0.00 ms.
Invoked RoslynAnalysisRunner static constructor.
RoslynAnalysisRunner will not be running.
RoslynAnalysisRunner has terminated.
Mono: successfully reloaded assembly
- Completed reload, in  3.254 seconds
Platform modules already initialized, skipping
Registering precompiled user dll's ...
Registered in 0.001807 seconds.
Begin MonoManager ReloadAssembly
Native extension for WindowsStandalone target not found
Native extension for WebGL target not found
Refreshing native plugins compatible for Editor in 147.74 ms, found 1 plugins.
Preloading 0 native plugins for Editor in 0.00 ms.
Invoked RoslynAnalysisRunner static constructor.
RoslynAnalysisRunner will not be running.
RoslynAnalysisRunner has terminated.
Mono: successfully reloaded assembly
- Completed reload, in  2.203 seconds
Platform modules already initialized, skipping
========================================================================
Worker process is ready to serve import requests
Launched and connected shader compiler UnityShaderCompiler.exe after 0.26 seconds
Refreshing native plugins compatible for Editor in 1.05 ms, found 1 plugins.
Preloading 0 native plugins for Editor in 0.00 ms.
Unloading 1799 Unused Serialized files (Serialized files now loaded: 0)
System memory in use before: 84.6 MB.
System memory in use after: 84.6 MB.

Unloading 24 unused Assets to reduce memory usage. Loaded Objects now: 2241.
Total: 8.464900 ms (FindLiveObjects: 0.796900 ms CreateObjectMapping: 0.406600 ms MarkObjects: 6.867000 ms  DeleteObjects: 0.384400 ms)

========================================================================
Received Import Request.
  path: Assets/Prefabs/enemy (2).prefab
  artifactKey: Guid(7c27c31d072b06649af3df6f93d7e1da) Importer(815301076,1909f56bfc062723c751e8b465ee728b)
Start importing Assets/Prefabs/enemy (2).prefab using Guid(7c27c31d072b06649af3df6f93d7e1da) Importer(815301076,1909f56bfc062723c751e8b465ee728b)  -> (artifact id: 'e06d9b0f08f113689e321d2fb3c42422') in 0.457286 seconds
  Import took 0.516480 seconds .

========================================================================
Received Import Request.
  Time since last request: 0.000835 seconds.
  path: Assets/Prefabs/enemy (1).prefab
  artifactKey: Guid(0287664c00b716f49be00af9364be3c2) Importer(815301076,1909f56bfc062723c751e8b465ee728b)
Start importing Assets/Prefabs/enemy (1).prefab using Guid(0287664c00b716f49be00af9364be3c2) Importer(815301076,1909f56bfc062723c751e8b465ee728b)  -> (artifact id: '37059fbd430ead944323a2e5a4b2598e') in 0.081370 seconds
  Import took 0.094829 seconds .

========================================================================
Received Import Request.
  Time since last request: 0.000819 seconds.
  path: Assets/Prefabs/Enemy Laser.prefab
  artifactKey: Guid(aa60678dd66ad4342885d8ef5da996a0) Importer(815301076,1909f56bfc062723c751e8b465ee728b)
Start importing Assets/Prefabs/Enemy Laser.prefab using Guid(aa60678dd66ad4342885d8ef5da996a0) Importer(815301076,1909f56bfc062723c751e8b465ee728b)  -> (artifact id: '4b04cd97ff0de7f23571ec2c9d842052') in 0.041587 seconds
  Import took 0.062973 seconds .

========================================================================
Received Import Request.
  Time since last request: 0.000583 seconds.
  path: Assets/Prefabs/enemy (3).prefab
  artifactKey: Guid(96f2fbeaa1be21f4a829f81dd4c80aaa) Importer(815301076,1909f56bfc062723c751e8b465ee728b)
Start importing Assets/Prefabs/enemy (3).prefab using Guid(96f2fbeaa1be21f4a829f81dd4c80aaa) Importer(815301076,1909f56bfc062723c751e8b465ee728b)  -> (artifact id: '17036ab8ba4cdc31482d2517f976ca51') in 0.055300 seconds
  Import took 0.076527 seconds .

========================================================================
Received Import Request.
  Time since last request: 0.000454 seconds.
  path: Assets/Prefabs/enemy (4).prefab
  artifactKey: Guid(32c2cd2edd4f9064da9e1bbdbd65ffe6) Importer(815301076,1909f56bfc062723c751e8b465ee728b)
Start importing Assets/Prefabs/enemy (4).prefab using Guid(32c2cd2edd4f9064da9e1bbdbd65ffe6) Importer(815301076,1909f56bfc062723c751e8b465ee728b)  -> (artifact id: 'e19aca6d258b0ed357599d47d10bef2a') in 0.048157 seconds
  Import took 0.054556 seconds .

========================================================================
Received Import Request.
  Time since last request: 0.000602 seconds.
  path: Assets/Prefabs/Player.prefab
  artifactKey: Guid(379f8730bfa720b428c68827dace3dcf) Importer(815301076,1909f56bfc062723c751e8b465ee728b)
Start importing Assets/Prefabs/Player.prefab using Guid(379f8730bfa720b428c68827dace3dcf) Importer(815301076,1909f56bfc062723c751e8b465ee728b)  -> (artifact id: '2b7a7b32e43d633b267934f6a4c5200f') in 0.040893 seconds
  Import took 0.084671 seconds .

========================================================================
Received Import Request.
  Time since last request: 0.063465 seconds.
  path: Assets/Prefabs/Laser.prefab
  artifactKey: Guid(d3d44eeda4a661043b1fdd7f4baa61da) Importer(815301076,1909f56bfc062723c751e8b465ee728b)
Start importing Assets/Prefabs/Laser.prefab using Guid(d3d44eeda4a661043b1fdd7f4baa61da) Importer(815301076,1909f56bfc062723c751e8b465ee728b)  -> (artifact id: 'ebdf6f13445dfc2e6afa840c04aa65d9') in 0.076165 seconds
  Import took 0.118670 seconds .

========================================================================
Received Import Request.
  Time since last request: 0.039540 seconds.
  path: Assets/Prefabs/Laser.prefab
  artifactKey: Guid(d3d44eeda4a661043b1fdd7f4baa61da) Importer(815301076,1909f56bfc062723c751e8b465ee728b)
Start importing Assets/Prefabs/Laser.prefab using Guid(d3d44eeda4a661043b1fdd7f4baa61da) Importer(815301076,1909f56bfc062723c751e8b465ee728b)  -> (artifact id: 'ebdf6f13445dfc2e6afa840c04aa65d9') in 0.029416 seconds
  Import took 0.044414 seconds .

========================================================================
Received Prepare
Registering precompiled user dll's ...
Registered in 0.001198 seconds.
Begin MonoManager ReloadAssembly
Native extension for WindowsStandalone target not found
Native extension for WebGL target not found
Refreshing native plugins compatible for Editor in 0.40 ms, found 1 plugins.
Preloading 0 native plugins for Editor in 0.00 ms.
Invoked RoslynAnalysisRunner static constructor.
RoslynAnalysisRunner will not be running.
RoslynAnalysisRunner has terminated.
Mono: successfully reloaded assembly
- Completed reload, in  0.992 seconds
Platform modules already initialized, skipping
Refreshing native plugins compatible for Editor in 0.40 ms, found 1 plugins.
Preloading 0 native plugins for Editor in 0.00 ms.
Unloading 1794 Unused Serialized files (Serialized files now loaded: 0)
System memory in use before: 87.8 MB.
System memory in use after: 87.8 MB.

Unloading 12 unused Assets to reduce memory usage. Loaded Objects now: 2251.
Total: 2.120600 ms (FindLiveObjects: 0.166600 ms CreateObjectMapping: 0.062500 ms MarkObjects: 1.786600 ms  DeleteObjects: 0.104000 ms)

========================================================================
Received Prepare
Registering precompiled user dll's ...
Registered in 0.001040 seconds.
Begin MonoManager ReloadAssembly
Native extension for WindowsStandalone target not found
Native extension for WebGL target not found
Refreshing native plugins compatible for Editor in 0.57 ms, found 1 plugins.
Preloading 0 native plugins for Editor in 0.00 ms.
Invoked RoslynAnalysisRunner static constructor.
RoslynAnalysisRunner will not be running.
RoslynAnalysisRunner has terminated.
Mono: successfully reloaded assembly
- Completed reload, in  1.631 seconds
Platform modules already initialized, skipping
Refreshing native plugins compatible for Editor in 0.86 ms, found 1 plugins.
Preloading 0 native plugins for Editor in 0.00 ms.
Unloading 1794 Unused Serialized files (Serialized files now loaded: 0)
System memory in use before: 87.9 MB.
System memory in use after: 87.9 MB.

Unloading 12 unused Assets to reduce memory usage. Loaded Objects now: 2254.
Total: 4.582600 ms (FindLiveObjects: 0.323100 ms CreateObjectMapping: 0.125900 ms MarkObjects: 3.894200 ms  DeleteObjects: 0.236900 ms)

========================================================================
Received Prepare
Registering precompiled user dll's ...
Registered in 0.001004 seconds.
Begin MonoManager ReloadAssembly
Native extension for WindowsStandalone target not found
Native extension for WebGL target not found
Refreshing native plugins compatible for Editor in 0.62 ms, found 1 plugins.
Preloading 0 native plugins for Editor in 0.00 ms.
Invoked RoslynAnalysisRunner static constructor.
RoslynAnalysisRunner will not be running.
RoslynAnalysisRunner has terminated.
Mono: successfully reloaded assembly
- Completed reload, in  1.594 seconds
Platform modules already initialized, skipping
Refreshing native plugins compatible for Editor in 0.51 ms, found 1 plugins.
Preloading 0 native plugins for Editor in 0.00 ms.
Unloading 1794 Unused Serialized files (Serialized files now loaded: 0)
System memory in use before: 88.0 MB.
System memory in use after: 88.0 MB.

Unloading 12 unused Assets to reduce memory usage. Loaded Objects now: 2257.
Total: 3.283100 ms (FindLiveObjects: 0.406100 ms CreateObjectMapping: 0.183800 ms MarkObjects: 2.525100 ms  DeleteObjects: 0.165700 ms)

========================================================================
Received Prepare
Registering precompiled user dll's ...
Registered in 0.001063 seconds.
Begin MonoManager ReloadAssembly
Native extension for WindowsStandalone target not found
Native extension for WebGL target not found
Refreshing native plugins compatible for Editor in 0.67 ms, found 1 plugins.
Preloading 0 native plugins for Editor in 0.00 ms.
Invoked RoslynAnalysisRunner static constructor.
RoslynAnalysisRunner will not be running.
RoslynAnalysisRunner has terminated.
Mono: successfully reloaded assembly
- Completed reload, in  1.428 seconds
Platform modules already initialized, skipping
Refreshing native plugins compatible for Editor in 0.52 ms, found 1 plugins.
Preloading 0 native plugins for Editor in 0.00 ms.
Unloading 1794 Unused Serialized files (Serialized files now loaded: 0)
System memory in use before: 88.1 MB.
System memory in use after: 88.1 MB.

Unloading 12 unused Assets to reduce memory usage. Loaded Objects now: 2260.
Total: 3.087600 ms (FindLiveObjects: 0.273600 ms CreateObjectMapping: 0.107400 ms MarkObjects: 2.498600 ms  DeleteObjects: 0.206000 ms)

========================================================================
Received Prepare
Registering precompiled user dll's ...
Registered in 0.001405 seconds.
Begin MonoManager ReloadAssembly
Native extension for WindowsStandalone target not found
Native extension for WebGL target not found
Refreshing native plugins compatible for Editor in 0.42 ms, found 1 plugins.
Preloading 0 native plugins for Editor in 0.00 ms.
Invoked RoslynAnalysisRunner static constructor.
RoslynAnalysisRunner will not be running.
RoslynAnalysisRunner has terminated.
Mono: successfully reloaded assembly
- Completed reload, in  0.981 seconds
Platform modules already initialized, skipping
Refreshing native plugins compatible for Editor in 0.41 ms, found 1 plugins.
Preloading 0 native plugins for Editor in 0.00 ms.
Unloading 1794 Unused Serialized files (Serialized files now loaded: 0)
System memory in use before: 88.2 MB.
System memory in use after: 88.2 MB.

Unloading 12 unused Assets to reduce memory usage. Loaded Objects now: 2263.
Total: 2.458800 ms (FindLiveObjects: 0.250100 ms CreateObjectMapping: 0.091300 ms MarkObjects: 1.985900 ms  DeleteObjects: 0.130200 ms)

========================================================================
Received Prepare
Registering precompiled user dll's ...
Registered in 0.001208 seconds.
Begin MonoManager ReloadAssembly
Native extension for WindowsStandalone target not found
Native extension for WebGL target not found
Refreshing native plugins compatible for Editor in 0.51 ms, found 1 plugins.
Preloading 0 native plugins for Editor in 0.00 ms.
Invoked RoslynAnalysisRunner static constructor.
RoslynAnalysisRunner will not be running.
RoslynAnalysisRunner has terminated.
Mono: successfully reloaded assembly
- Completed reload, in  1.026 seconds
Platform modules already initialized, skipping
Refreshing native plugins compatible for Editor in 0.40 ms, found 1 plugins.
Preloading 0 native plugins for Editor in 0.00 ms.
Unloading 1794 Unused Serialized files (Serialized files now loaded: 0)
System memory in use before: 88.3 MB.
System memory in use after: 88.3 MB.

Unloading 12 unused Assets to reduce memory usage. Loaded Objects now: 2266.
Total: 2.208900 ms (FindLiveObjects: 0.177500 ms CreateObjectMapping: 0.070600 ms MarkObjects: 1.838500 ms  DeleteObjects: 0.121200 ms)

========================================================================
Received Prepare
Registering precompiled user dll's ...
Registered in 0.001294 seconds.
Begin MonoManager ReloadAssembly
Native extension for WindowsStandalone target not found
Native extension for WebGL target not found
Refreshing native plugins compatible for Editor in 0.46 ms, found 1 plugins.
Preloading 0 native plugins for Editor in 0.00 ms.
Invoked RoslynAnalysisRunner static constructor.
RoslynAnalysisRunner will not be running.
RoslynAnalysisRunner has terminated.
Mono: successfully reloaded assembly
- Completed reload, in  1.085 seconds
Platform modules already initialized, skipping
Refreshing native plugins compatible for Editor in 0.42 ms, found 1 plugins.
Preloading 0 native plugins for Editor in 0.00 ms.
Unloading 1794 Unused Serialized files (Serialized files now loaded: 0)
System memory in use before: 88.4 MB.
System memory in use after: 88.4 MB.

Unloading 12 unused Assets to reduce memory usage. Loaded Objects now: 2269.
Total: 2.389600 ms (FindLiveObjects: 0.250400 ms CreateObjectMapping: 0.077900 ms MarkObjects: 1.939800 ms  DeleteObjects: 0.119900 ms)

========================================================================
Received Prepare
Registering precompiled user dll's ...
Registered in 0.002020 seconds.
Begin MonoManager ReloadAssembly
Native extension for WindowsStandalone target not found
Native extension for WebGL target not found
Refreshing native plugins compatible for Editor in 0.58 ms, found 1 plugins.
Preloading 0 native plugins for Editor in 0.00 ms.
Invoked RoslynAnalysisRunner static constructor.
RoslynAnalysisRunner will not be running.
RoslynAnalysisRunner has terminated.
Mono: successfully reloaded assembly
- Completed reload, in  1.918 seconds
Platform modules already initialized, skipping
Refreshing native plugins compatible for Editor in 0.72 ms, found 1 plugins.
Preloading 0 native plugins for Editor in 0.00 ms.
Unloading 1794 Unused Serialized files (Serialized files now loaded: 0)
System memory in use before: 88.5 MB.
System memory in use after: 88.5 MB.

Unloading 12 unused Assets to reduce memory usage. Loaded Objects now: 2272.
Total: 4.263600 ms (FindLiveObjects: 0.346000 ms CreateObjectMapping: 0.152300 ms MarkObjects: 3.511000 ms  DeleteObjects: 0.252000 ms)

========================================================================
Received Prepare
Registering precompiled user dll's ...
Registered in 0.001020 seconds.
Begin MonoManager ReloadAssembly
Native extension for WindowsStandalone target not found
Native extension for WebGL target not found
Refreshing native plugins compatible for Editor in 0.75 ms, found 1 plugins.
Preloading 0 native plugins for Editor in 0.00 ms.
Invoked RoslynAnalysisRunner static constructor.
RoslynAnalysisRunner will not be running.
RoslynAnalysisRunner has terminated.
Mono: successfully reloaded assembly
- Completed reload, in  1.426 seconds
Platform modules already initialized, skipping
Refreshing native plugins compatible for Editor in 0.64 ms, found 1 plugins.
Preloading 0 native plugins for Editor in 0.00 ms.
Unloading 1794 Unused Serialized files (Serialized files now loaded: 0)
System memory in use before: 88.6 MB.
System memory in use after: 88.6 MB.

Unloading 12 unused Assets to reduce memory usage. Loaded Objects now: 2275.
Total: 3.367000 ms (FindLiveObjects: 0.634500 ms CreateObjectMapping: 0.252300 ms MarkObjects: 2.295000 ms  DeleteObjects: 0.182400 ms)

========================================================================
Received Prepare
Registering precompiled user dll's ...
Registered in 0.001155 seconds.
Begin MonoManager ReloadAssembly
Native extension for WindowsStandalone target not found
Native extension for WebGL target not found
Refreshing native plugins compatible for Editor in 0.73 ms, found 1 plugins.
Preloading 0 native plugins for Editor in 0.00 ms.
Invoked RoslynAnalysisRunner static constructor.
RoslynAnalysisRunner will not be running.
RoslynAnalysisRunner has terminated.
Mono: successfully reloaded assembly
- Completed reload, in  1.334 seconds
Platform modules already initialized, skipping
Refreshing native plugins compatible for Editor in 0.44 ms, found 1 plugins.
Preloading 0 native plugins for Editor in 0.00 ms.
Unloading 1794 Unused Serialized files (Serialized files now loaded: 0)
System memory in use before: 88.7 MB.
System memory in use after: 88.7 MB.

Unloading 12 unused Assets to reduce memory usage. Loaded Objects now: 2278.
Total: 3.483600 ms (FindLiveObjects: 0.367200 ms CreateObjectMapping: 0.122700 ms MarkObjects: 2.803200 ms  DeleteObjects: 0.188200 ms)

========================================================================
Received Prepare
Registering precompiled user dll's ...
Registered in 0.001236 seconds.
Begin MonoManager ReloadAssembly
Native extension for WindowsStandalone target not found
Native extension for WebGL target not found
Refreshing native plugins compatible for Editor in 0.46 ms, found 1 plugins.
Preloading 0 native plugins for Editor in 0.00 ms.
Invoked RoslynAnalysisRunner static constructor.
RoslynAnalysisRunner will not be running.
RoslynAnalysisRunner has terminated.
Mono: successfully reloaded assembly
- Completed reload, in  1.729 seconds
Platform modules already initialized, skipping
Refreshing native plugins compatible for Editor in 0.57 ms, found 1 plugins.
Preloading 0 native plugins for Editor in 0.00 ms.
Unloading 1794 Unused Serialized files (Serialized files now loaded: 0)
System memory in use before: 88.8 MB.
System memory in use after: 88.8 MB.

Unloading 12 unused Assets to reduce memory usage. Loaded Objects now: 2281.
Total: 3.128300 ms (FindLiveObjects: 0.266500 ms CreateObjectMapping: 0.105600 ms MarkObjects: 2.599700 ms  DeleteObjects: 0.154600 ms)

========================================================================
Received Prepare
Registering precompiled user dll's ...
Registered in 0.001151 seconds.
Begin MonoManager ReloadAssembly
Native extension for WindowsStandalone target not found
Native extension for WebGL target not found
Refreshing native plugins compatible for Editor in 0.66 ms, found 1 plugins.
Preloading 0 native plugins for Editor in 0.00 ms.
Invoked RoslynAnalysisRunner static constructor.
RoslynAnalysisRunner will not be running.
RoslynAnalysisRunner has terminated.
Mono: successfully reloaded assembly
- Completed reload, in  2.105 seconds
Platform modules already initialized, skipping
Refreshing native plugins compatible for Editor in 0.94 ms, found 1 plugins.
Preloading 0 native plugins for Editor in 0.00 ms.
Unloading 1794 Unused Serialized files (Serialized files now loaded: 0)
System memory in use before: 88.9 MB.
System memory in use after: 88.9 MB.

Unloading 12 unused Assets to reduce memory usage. Loaded Objects now: 2284.
Total: 6.682400 ms (FindLiveObjects: 0.434200 ms CreateObjectMapping: 0.215900 ms MarkObjects: 5.724300 ms  DeleteObjects: 0.304400 ms)

========================================================================
Received Prepare
Registering precompiled user dll's ...
Registered in 0.002193 seconds.
Begin MonoManager ReloadAssembly
Native extension for WindowsStandalone target not found
Native extension for WebGL target not found
Refreshing native plugins compatible for Editor in 0.82 ms, found 1 plugins.
Preloading 0 native plugins for Editor in 0.00 ms.
Invoked RoslynAnalysisRunner static constructor.
RoslynAnalysisRunner will not be running.
RoslynAnalysisRunner has terminated.
Mono: successfully reloaded assembly
- Completed reload, in  1.297 seconds
Platform modules already initialized, skipping
Refreshing native plugins compatible for Editor in 0.40 ms, found 1 plugins.
Preloading 0 native plugins for Editor in 0.00 ms.
Unloading 1794 Unused Serialized files (Serialized files now loaded: 0)
System memory in use before: 89.0 MB.
System memory in use after: 89.0 MB.

Unloading 12 unused Assets to reduce memory usage. Loaded Objects now: 2287.
Total: 2.330400 ms (FindLiveObjects: 0.340400 ms CreateObjectMapping: 0.068700 ms MarkObjects: 1.797900 ms  DeleteObjects: 0.121800 ms)

========================================================================
Received Prepare
Registering precompiled user dll's ...
Registered in 0.001841 seconds.
Begin MonoManager ReloadAssembly
Native extension for WindowsStandalone target not found
Native extension for WebGL target not found
Refreshing native plugins compatible for Editor in 0.59 ms, found 1 plugins.
Preloading 0 native plugins for Editor in 0.00 ms.
Invoked RoslynAnalysisRunner static constructor.
RoslynAnalysisRunner will not be running.
RoslynAnalysisRunner has terminated.
Mono: successfully reloaded assembly
- Completed reload, in  1.063 seconds
Platform modules already initialized, skipping
Refreshing native plugins compatible for Editor in 0.43 ms, found 1 plugins.
Preloading 0 native plugins for Editor in 0.00 ms.
Unloading 1794 Unused Serialized files (Serialized files now loaded: 0)
System memory in use before: 89.1 MB.
System memory in use after: 89.1 MB.

Unloading 12 unused Assets to reduce memory usage. Loaded Objects now: 2290.
Total: 2.509600 ms (FindLiveObjects: 0.320900 ms CreateObjectMapping: 0.082900 ms MarkObjects: 1.990600 ms  DeleteObjects: 0.113400 ms)

========================================================================
Received Prepare
Registering precompiled user dll's ...
Registered in 0.001297 seconds.
Begin MonoManager ReloadAssembly
Native extension for WindowsStandalone target not found
Native extension for WebGL target not found
Refreshing native plugins compatible for Editor in 0.48 ms, found 1 plugins.
Preloading 0 native plugins for Editor in 0.00 ms.
Invoked RoslynAnalysisRunner static constructor.
RoslynAnalysisRunner will not be running.
RoslynAnalysisRunner has terminated.
Mono: successfully reloaded assembly
- Completed reload, in  1.869 seconds
Platform modules already initialized, skipping
Refreshing native plugins compatible for Editor in 0.97 ms, found 1 plugins.
Preloading 0 native plugins for Editor in 0.00 ms.
Unloading 1794 Unused Serialized files (Serialized files now loaded: 0)
System memory in use before: 89.2 MB.
System memory in use after: 89.2 MB.

Unloading 12 unused Assets to reduce memory usage. Loaded Objects now: 2293.
Total: 4.668400 ms (FindLiveObjects: 0.374000 ms CreateObjectMapping: 0.154600 ms MarkObjects: 3.881800 ms  DeleteObjects: 0.255800 ms)

========================================================================
Received Import Request.
  Time since last request: 3415.755831 seconds.
  path: Assets/Kenney's Assets
  artifactKey: Guid(ab8ebd156619a394bb953d69b797d81f) Importer(815301076,1909f56bfc062723c751e8b465ee728b)
Start importing Assets/Kenney's Assets using Guid(ab8ebd156619a394bb953d69b797d81f) Importer(815301076,1909f56bfc062723c751e8b465ee728b)  -> (artifact id: 'c5473c642b69e7061df766dc29157a55') in 0.018989 seconds
  Import took 0.253414 seconds .

========================================================================
Received Import Request.
  Time since last request: 6.309460 seconds.
  path: Assets/DinV/Dynamic Space Background
  artifactKey: Guid(cfbbfb20b2395ec48ba47f1f035266d3) Importer(815301076,1909f56bfc062723c751e8b465ee728b)
Start importing Assets/DinV/Dynamic Space Background using Guid(cfbbfb20b2395ec48ba47f1f035266d3) Importer(815301076,1909f56bfc062723c751e8b465ee728b)  -> (artifact id: '0f31b19032721b14fcf7a4a16f728bcf') in 0.008950 seconds
  Import took 0.473166 seconds .

========================================================================
Received Import Request.
  Time since last request: 0.567835 seconds.
  path: Assets/DinV/Dynamic Space Background/Sprites
  artifactKey: Guid(3ec1885b01800f2418a75597e3cc12b1) Importer(815301076,1909f56bfc062723c751e8b465ee728b)
Start importing Assets/DinV/Dynamic Space Background/Sprites using Guid(3ec1885b01800f2418a75597e3cc12b1) Importer(815301076,1909f56bfc062723c751e8b465ee728b)  -> (artifact id: 'a778318022db83231a066c30663d5757') in 0.016084 seconds
  Import took 0.019763 seconds .

========================================================================
Received Import Request.
  Time since last request: 0.045290 seconds.
  path: Assets/DinV/Dynamic Space Background/Sprites/Nebula Aqua-Pink.png
  artifactKey: Guid(d9b31ebd60af68c469212c1a9f513e74) Importer(815301076,1909f56bfc062723c751e8b465ee728b)
Start importing Assets/DinV/Dynamic Space Background/Sprites/Nebula Aqua-Pink.png using Guid(d9b31ebd60af68c469212c1a9f513e74) Importer(815301076,1909f56bfc062723c751e8b465ee728b)  -> (artifact id: 'b9b98f5a3b89b90c8bd4bf359dcd60d9') in 0.135959 seconds
  Import took 0.140614 seconds .

========================================================================
Received Import Request.
  Time since last request: 0.000346 seconds.
  path: Assets/DinV/Dynamic Space Background/Sprites/Nebula Blue.png
  artifactKey: Guid(ddcac1fac1f5c8943a30c2ef6b724062) Importer(815301076,1909f56bfc062723c751e8b465ee728b)
Start importing Assets/DinV/Dynamic Space Background/Sprites/Nebula Blue.png using Guid(ddcac1fac1f5c8943a30c2ef6b724062) Importer(815301076,1909f56bfc062723c751e8b465ee728b)  -> (artifact id: '0fd96119728e11578676be1635023943') in 0.104368 seconds
  Import took 0.118022 seconds .

========================================================================
Received Import Request.
  Time since last request: 0.000288 seconds.
  path: Assets/DinV/Dynamic Space Background/Sprites/Stars-Big_1.png
  artifactKey: Guid(c6944f9f15bd0ca4087bcdf033f0e162) Importer(815301076,1909f56bfc062723c751e8b465ee728b)
Start importing Assets/DinV/Dynamic Space Background/Sprites/Stars-Big_1.png using Guid(c6944f9f15bd0ca4087bcdf033f0e162) Importer(815301076,1909f56bfc062723c751e8b465ee728b)  -> (artifact id: '50a01816a7d4d6b8c8e6ccea96656b23') in 0.025221 seconds
  Import took 0.029492 seconds .

========================================================================
Received Import Request.
  Time since last request: 0.000437 seconds.
  path: Assets/DinV/Dynamic Space Background/Sprites/Nebula Red.png
  artifactKey: Guid(35313af049b4a2f42a0325330c51d74a) Importer(815301076,1909f56bfc062723c751e8b465ee728b)
Start importing Assets/DinV/Dynamic Space Background/Sprites/Nebula Red.png using Guid(35313af049b4a2f42a0325330c51d74a) Importer(815301076,1909f56bfc062723c751e8b465ee728b)  -> (artifact id: 'eed4b047d8b2c93f1f42b4b0ae5fa63f') in 0.057473 seconds
  Import took 0.085702 seconds .

========================================================================
Received Import Request.
  Time since last request: 0.000446 seconds.
  path: Assets/DinV/Dynamic Space Background/Sprites/Stars Small_1.png
  artifactKey: Guid(efe6ce32a6a4408489775c70e5d32f11) Importer(815301076,1909f56bfc062723c751e8b465ee728b)
Start importing Assets/DinV/Dynamic Space Background/Sprites/Stars Small_1.png using Guid(efe6ce32a6a4408489775c70e5d32f11) Importer(815301076,1909f56bfc062723c751e8b465ee728b)  -> (artifact id: 'cbc7073e03bc725c3449d643b2acd9e1') in 0.069189 seconds
  Import took 0.075452 seconds .

========================================================================
Received Import Request.
  Time since last request: 106.970572 seconds.
  path: Assets/Prefabs/Orange Background.prefab
  artifactKey: Guid(7adea75a8ab47bb4c8dbccd5c938769f) Importer(815301076,1909f56bfc062723c751e8b465ee728b)
Start importing Assets/Prefabs/Orange Background.prefab using Guid(7adea75a8ab47bb4c8dbccd5c938769f) Importer(815301076,1909f56bfc062723c751e8b465ee728b)  -> (artifact id: '3af552febaa53be1a2dd13b1cb8ddd38') in 0.064392 seconds
  Import took 0.098803 seconds .

========================================================================
Received Import Request.
  Time since last request: 542.773648 seconds.
  path: Assets/Prefabs/Nebula Red.prefab
  artifactKey: Guid(f9a62387d0c0cfa46a56ed889ec37bce) Importer(815301076,1909f56bfc062723c751e8b465ee728b)
Start importing Assets/Prefabs/Nebula Red.prefab using Guid(f9a62387d0c0cfa46a56ed889ec37bce) Importer(815301076,1909f56bfc062723c751e8b465ee728b)  -> (artifact id: '75da1823f69888a8fe7384f1ecf370fb') in 0.099843 seconds
  Import took 0.312934 seconds .

========================================================================
Received Import Request.
  Time since last request: 96.789047 seconds.
  path: Assets/DinV/Dynamic Space Background/Sprites/Nebula Red.png
  artifactKey: Guid(35313af049b4a2f42a0325330c51d74a) Importer(815301076,1909f56bfc062723c751e8b465ee728b)
Start importing Assets/DinV/Dynamic Space Background/Sprites/Nebula Red.png using Guid(35313af049b4a2f42a0325330c51d74a) Importer(815301076,1909f56bfc062723c751e8b465ee728b)  -> (artifact id: 'af08df6fa42e50eb33623eb4487326a8') in 0.058793 seconds
  Import took 0.066461 seconds .

========================================================================
Received Import Request.
  Time since last request: 231.072856 seconds.
  path: Assets/Scripts/Repeating Background.cs
  artifactKey: Guid(81aed52f4f57e5c42b7dfbaf90441eb3) Importer(815301076,1909f56bfc062723c751e8b465ee728b)
Start importing Assets/Scripts/Repeating Background.cs using Guid(81aed52f4f57e5c42b7dfbaf90441eb3) Importer(815301076,1909f56bfc062723c751e8b465ee728b)  -> (artifact id: 'd8b58ce645c39b1627762447c78e0a83') in 0.025675 seconds
  Import took 0.049452 seconds .

========================================================================
Received Prepare
Registering precompiled user dll's ...
Registered in 0.001140 seconds.
Begin MonoManager ReloadAssembly
Native extension for WindowsStandalone target not found
Native extension for WebGL target not found
Refreshing native plugins compatible for Editor in 0.38 ms, found 1 plugins.
Preloading 0 native plugins for Editor in 0.00 ms.
Invoked RoslynAnalysisRunner static constructor.
RoslynAnalysisRunner will not be running.
RoslynAnalysisRunner has terminated.
Mono: successfully reloaded assembly
- Completed reload, in  1.073 seconds
Platform modules already initialized, skipping
Refreshing native plugins compatible for Editor in 0.50 ms, found 1 plugins.
Preloading 0 native plugins for Editor in 0.00 ms.
Unloading 1795 Unused Serialized files (Serialized files now loaded: 0)
System memory in use before: 89.3 MB.
System memory in use after: 89.3 MB.

Unloading 12 unused Assets to reduce memory usage. Loaded Objects now: 2300.
Total: 3.190700 ms (FindLiveObjects: 0.276700 ms CreateObjectMapping: 0.099800 ms MarkObjects: 2.651000 ms  DeleteObjects: 0.161600 ms)

========================================================================
Received Import Request.
  Time since last request: 36.748746 seconds.
  path: Assets/Scripts/Repeating Background.cs
  artifactKey: Guid(81aed52f4f57e5c42b7dfbaf90441eb3) Importer(815301076,1909f56bfc062723c751e8b465ee728b)
Start importing Assets/Scripts/Repeating Background.cs using Guid(81aed52f4f57e5c42b7dfbaf90441eb3) Importer(815301076,1909f56bfc062723c751e8b465ee728b)  -> (artifact id: 'bdb105eb3439ae473fb62ad12d611945') in 0.015328 seconds
  Import took 0.287386 seconds .

========================================================================
Received Prepare
Registering precompiled user dll's ...
Registered in 0.001253 seconds.
Begin MonoManager ReloadAssembly
Native extension for WindowsStandalone target not found
Native extension for WebGL target not found
Refreshing native plugins compatible for Editor in 0.59 ms, found 1 plugins.
Preloading 0 native plugins for Editor in 0.00 ms.
Invoked RoslynAnalysisRunner static constructor.
RoslynAnalysisRunner will not be running.
RoslynAnalysisRunner has terminated.
Mono: successfully reloaded assembly
- Completed reload, in  1.175 seconds
Platform modules already initialized, skipping
Refreshing native plugins compatible for Editor in 0.38 ms, found 1 plugins.
Preloading 0 native plugins for Editor in 0.00 ms.
Unloading 1795 Unused Serialized files (Serialized files now loaded: 0)
System memory in use before: 89.4 MB.
System memory in use after: 89.4 MB.

Unloading 12 unused Assets to reduce memory usage. Loaded Objects now: 2303.
Total: 4.283300 ms (FindLiveObjects: 0.301700 ms CreateObjectMapping: 0.117700 ms MarkObjects: 3.704800 ms  DeleteObjects: 0.157400 ms)

========================================================================
Received Import Request.
  Time since last request: 47.400941 seconds.
  path: Assets/Scripts/Repeating Background.cs
  artifactKey: Guid(81aed52f4f57e5c42b7dfbaf90441eb3) Importer(815301076,1909f56bfc062723c751e8b465ee728b)
Start importing Assets/Scripts/Repeating Background.cs using Guid(81aed52f4f57e5c42b7dfbaf90441eb3) Importer(815301076,1909f56bfc062723c751e8b465ee728b)  -> (artifact id: '4790533284d5d3659634a26b8a3a64b2') in 0.013041 seconds
  Import took 0.054690 seconds .

========================================================================
Received Prepare
Registering precompiled user dll's ...
Registered in 0.001594 seconds.
Begin MonoManager ReloadAssembly
Native extension for WindowsStandalone target not found
Native extension for WebGL target not found
Refreshing native plugins compatible for Editor in 0.37 ms, found 1 plugins.
Preloading 0 native plugins for Editor in 0.00 ms.
Invoked RoslynAnalysisRunner static constructor.
RoslynAnalysisRunner will not be running.
RoslynAnalysisRunner has terminated.
Mono: successfully reloaded assembly
- Completed reload, in  1.173 seconds
Platform modules already initialized, skipping
Refreshing native plugins compatible for Editor in 0.75 ms, found 1 plugins.
Preloading 0 native plugins for Editor in 0.00 ms.
Unloading 1795 Unused Serialized files (Serialized files now loaded: 0)
System memory in use before: 89.5 MB.
System memory in use after: 89.5 MB.

Unloading 12 unused Assets to reduce memory usage. Loaded Objects now: 2306.
Total: 4.712600 ms (FindLiveObjects: 0.332200 ms CreateObjectMapping: 0.126700 ms MarkObjects: 4.026400 ms  DeleteObjects: 0.224400 ms)

========================================================================
Received Prepare
Registering precompiled user dll's ...
Registered in 0.001357 seconds.
Begin MonoManager ReloadAssembly
Native extension for WindowsStandalone target not found
Native extension for WebGL target not found
Refreshing native plugins compatible for Editor in 0.47 ms, found 1 plugins.
Preloading 0 native plugins for Editor in 0.00 ms.
Invoked RoslynAnalysisRunner static constructor.
RoslynAnalysisRunner will not be running.
RoslynAnalysisRunner has terminated.
Mono: successfully reloaded assembly
- Completed reload, in  1.056 seconds
Platform modules already initialized, skipping
Refreshing native plugins compatible for Editor in 0.40 ms, found 1 plugins.
Preloading 0 native plugins for Editor in 0.00 ms.
Unloading 1795 Unused Serialized files (Serialized files now loaded: 0)
System memory in use before: 89.6 MB.
System memory in use after: 89.6 MB.

Unloading 12 unused Assets to reduce memory usage. Loaded Objects now: 2309.
Total: 2.272900 ms (FindLiveObjects: 0.279000 ms CreateObjectMapping: 0.077800 ms MarkObjects: 1.811500 ms  DeleteObjects: 0.103600 ms)

========================================================================
Received Import Request.
  Time since last request: 186.145344 seconds.
  path: Assets/Scripts/Repeating Background.cs
  artifactKey: Guid(81aed52f4f57e5c42b7dfbaf90441eb3) Importer(815301076,1909f56bfc062723c751e8b465ee728b)
Start importing Assets/Scripts/Repeating Background.cs using Guid(81aed52f4f57e5c42b7dfbaf90441eb3) Importer(815301076,1909f56bfc062723c751e8b465ee728b)  -> (artifact id: '538f9bbc2726acdeeec2183a34740777') in 0.005446 seconds
  Import took 0.009007 seconds .

========================================================================
Received Import Request.
  Time since last request: 76.749994 seconds.
  path: Assets/Scripts/Repeating Background.cs
  artifactKey: Guid(81aed52f4f57e5c42b7dfbaf90441eb3) Importer(815301076,1909f56bfc062723c751e8b465ee728b)
Start importing Assets/Scripts/Repeating Background.cs using Guid(81aed52f4f57e5c42b7dfbaf90441eb3) Importer(815301076,1909f56bfc062723c751e8b465ee728b)  -> (artifact id: '2992369bab31b0ff77777a8e4229bbbc') in 0.003720 seconds
  Import took 0.026535 seconds .

========================================================================
Received Prepare
Registering precompiled user dll's ...
Registered in 0.001156 seconds.
Begin MonoManager ReloadAssembly
Native extension for WindowsStandalone target not found
Native extension for WebGL target not found
Refreshing native plugins compatible for Editor in 0.35 ms, found 1 plugins.
Preloading 0 native plugins for Editor in 0.00 ms.
Invoked RoslynAnalysisRunner static constructor.
RoslynAnalysisRunner will not be running.
RoslynAnalysisRunner has terminated.
Mono: successfully reloaded assembly
- Completed reload, in  0.826 seconds
Platform modules already initialized, skipping
Refreshing native plugins compatible for Editor in 0.44 ms, found 1 plugins.
Preloading 0 native plugins for Editor in 0.00 ms.
Unloading 1795 Unused Serialized files (Serialized files now loaded: 0)
System memory in use before: 89.7 MB.
System memory in use after: 89.7 MB.

Unloading 12 unused Assets to reduce memory usage. Loaded Objects now: 2312.
Total: 2.744500 ms (FindLiveObjects: 0.247200 ms CreateObjectMapping: 0.374000 ms MarkObjects: 1.994400 ms  DeleteObjects: 0.127200 ms)

========================================================================
Received Prepare
Registering precompiled user dll's ...
Registered in 0.001854 seconds.
Begin MonoManager ReloadAssembly
Native extension for WindowsStandalone target not found
Native extension for WebGL target not found
Refreshing native plugins compatible for Editor in 0.36 ms, found 1 plugins.
Preloading 0 native plugins for Editor in 0.00 ms.
Invoked RoslynAnalysisRunner static constructor.
RoslynAnalysisRunner will not be running.
RoslynAnalysisRunner has terminated.
Mono: successfully reloaded assembly
- Completed reload, in  0.835 seconds
Platform modules already initialized, skipping
Refreshing native plugins compatible for Editor in 0.36 ms, found 1 plugins.
Preloading 0 native plugins for Editor in 0.00 ms.
Unloading 1795 Unused Serialized files (Serialized files now loaded: 0)
System memory in use before: 89.8 MB.
System memory in use after: 89.8 MB.

Unloading 12 unused Assets to reduce memory usage. Loaded Objects now: 2315.
Total: 2.238000 ms (FindLiveObjects: 0.213300 ms CreateObjectMapping: 0.066800 ms MarkObjects: 1.861200 ms  DeleteObjects: 0.095800 ms)

========================================================================
Received Import Request.
  Time since last request: 207.828538 seconds.
  path: Assets/Scripts/Repeating Background.cs
  artifactKey: Guid(81aed52f4f57e5c42b7dfbaf90441eb3) Importer(815301076,1909f56bfc062723c751e8b465ee728b)
Start importing Assets/Scripts/Repeating Background.cs using Guid(81aed52f4f57e5c42b7dfbaf90441eb3) Importer(815301076,1909f56bfc062723c751e8b465ee728b)  -> (artifact id: 'c67120122869ad910c1823015684ffca') in 0.007649 seconds
  Import took 0.040289 seconds .

========================================================================
Received Import Request.
  Time since last request: 0.054562 seconds.
  path: Assets/Scripts/Repeating Background.cs
  artifactKey: Guid(81aed52f4f57e5c42b7dfbaf90441eb3) Importer(815301076,1909f56bfc062723c751e8b465ee728b)
Start importing Assets/Scripts/Repeating Background.cs using Guid(81aed52f4f57e5c42b7dfbaf90441eb3) Importer(815301076,1909f56bfc062723c751e8b465ee728b)  -> (artifact id: 'c67120122869ad910c1823015684ffca') in 0.005413 seconds
  Import took 0.011937 seconds .

========================================================================
Received Prepare
Registering precompiled user dll's ...
Registered in 0.001286 seconds.
Begin MonoManager ReloadAssembly
Native extension for WindowsStandalone target not found
Native extension for WebGL target not found
Refreshing native plugins compatible for Editor in 0.40 ms, found 1 plugins.
Preloading 0 native plugins for Editor in 0.00 ms.
Invoked RoslynAnalysisRunner static constructor.
RoslynAnalysisRunner will not be running.
RoslynAnalysisRunner has terminated.
Mono: successfully reloaded assembly
- Completed reload, in  1.013 seconds
Platform modules already initialized, skipping
Refreshing native plugins compatible for Editor in 0.41 ms, found 1 plugins.
Preloading 0 native plugins for Editor in 0.00 ms.
Unloading 1795 Unused Serialized files (Serialized files now loaded: 0)
System memory in use before: 89.9 MB.
System memory in use after: 89.9 MB.

Unloading 12 unused Assets to reduce memory usage. Loaded Objects now: 2318.
Total: 3.835500 ms (FindLiveObjects: 0.489900 ms CreateObjectMapping: 0.149100 ms MarkObjects: 3.022800 ms  DeleteObjects: 0.171700 ms)

========================================================================
Received Prepare
Registering precompiled user dll's ...
Registered in 0.001270 seconds.
Begin MonoManager ReloadAssembly
Native extension for WindowsStandalone target not found
Native extension for WebGL target not found
Refreshing native plugins compatible for Editor in 0.38 ms, found 1 plugins.
Preloading 0 native plugins for Editor in 0.00 ms.
Invoked RoslynAnalysisRunner static constructor.
RoslynAnalysisRunner will not be running.
RoslynAnalysisRunner has terminated.
Mono: successfully reloaded assembly
- Completed reload, in  0.943 seconds
Platform modules already initialized, skipping
Refreshing native plugins compatible for Editor in 0.39 ms, found 1 plugins.
Preloading 0 native plugins for Editor in 0.00 ms.
Unloading 1794 Unused Serialized files (Serialized files now loaded: 0)
System memory in use before: 89.0 MB.
System memory in use after: 89.0 MB.

Unloading 13 unused Assets to reduce memory usage. Loaded Objects now: 2320.
Total: 3.189000 ms (FindLiveObjects: 0.477000 ms CreateObjectMapping: 0.104800 ms MarkObjects: 2.398500 ms  DeleteObjects: 0.206600 ms)

AssetImportWorkerClient::OnTransportError - code=2 error=End of file
